

*******************************************************************************
Fri May 19 13:55:17 2023


FIT:    data read from 'out.times.data'
        format = z
        #datapoints = 8
        residuals are weighted equally (unit weight)

function used for fitting: f(x)
	f(x) = a*x**3 + b
fitted parameters and initial values from file: start.par

iter      chisq       delta/lim  lambda   a             b            
   0 4.1672400000e-01   0.00e+00  1.03e+00    6.000000e-09   3.000000e-01
   4 8.0254963884e-03  -2.36e-06  1.03e-04    6.818473e-09   3.441573e-01

After 4 iterations the fit converged.
final sum of squares of residuals : 0.0080255
rel. change during last iteration : -2.35862e-11

degrees of freedom    (FIT_NDF)                        : 6
rms of residuals      (FIT_STDFIT) = sqrt(WSSR/ndf)    : 0.036573
variance of residuals (reduced chisquare) = WSSR/ndf   : 0.00133758

Final set of parameters            Asymptotic Standard Error
=======================            ==========================
a               = 6.81847e-09      +/- 7.512e-11    (1.102%)
b               = 0.344157         +/- 0.01776      (5.16%)

correlation matrix of the fit parameters:
                a      b      
a               1.000 
b              -0.685  1.000 
